<?xml version="1.0" encoding="UTF-8"?>
<!-- Generated by org.testng.reporters.JUnitXMLReporter -->
<testsuite ignored="0" hostname="DESKTOP-8S455D7" failures="0" tests="5" name="Default test" time="0.078" errors="0" timestamp="2021-12-03T13:13:09 IST">
  <testcase classname="pactestng_sample.AddToCartAndBill" name="addToCartAndBillTest" time="0.008"/>
  <testcase classname="pactestng_sample.AddToCartAndBill" name="addToCartAndBillTest" time="0.003"/>
  <testcase classname="pactestng_sample.AddToCartAndBill" name="addToCartAndBillTest" time="0.004"/>
  <testcase classname="pactestng_sample.AddToCartAndBill" name="addToCartAndBillTest" time="0.002"/>
  <testcase classname="pactestng_sample.AddToCartAndBill" name="addToCartAndBillTest" time="0.007"/>
</testsuite> <!-- Default test -->
