<?xml version="1.0" encoding="UTF-8"?>
<!-- Generated by org.testng.reporters.JUnitXMLReporter -->
<testsuite ignored="1" hostname="DESKTOP-8S455D7" failures="0" tests="1" name="Default test" time="17.347" errors="0" timestamp="2021-12-08T15:07:53 IST">
  <testcase classname="com.crm.comcast.organaizationtest.CreateOrganizationTest" name="createOrganizationTest" time="9.429"/>
  <testcase classname="com.crm.comcast.organaizationtest.CreateOrganizationTest" name="createOrganization_With_Industries_And_Type_Test" time="0.0">
    <ignored/>
  </testcase> <!-- createOrganization_With_Industries_And_Type_Test -->
</testsuite> <!-- Default test -->
