<?xml version="1.0" encoding="UTF-8"?>
<testng-results ignored="4" total="14" passed="10" failed="0" skipped="0">
  <reporter-output>
  </reporter-output>
  <suite started-at="2021-12-04T14:37:46 IST" name="Suite" finished-at="2021-12-04T14:39:50 IST" duration-ms="123826">
    <groups>
      <group name="regressionTest">
        <method signature="CreateContactTest.createConatctWithOrgTest()[pri:0, instance:com.crm.comcast.conatctTest.CreateContactTest@be35cd9]" name="createConatctWithOrgTest" class="com.crm.comcast.conatctTest.CreateContactTest"/>
        <method signature="CreateContactTest.createContact_Support_DateTest()[pri:0, instance:com.crm.comcast.conatctTest.CreateContactTest@be35cd9]" name="createContact_Support_DateTest" class="com.crm.comcast.conatctTest.CreateContactTest"/>
        <method signature="CreateOrganizationTest.createOrganization_With_Industries_And_Type_Test()[pri:0, instance:com.crm.comcast.organaizationtest.CreateOrganizationTest@41e1e210]" name="createOrganization_With_Industries_And_Type_Test" class="com.crm.comcast.organaizationtest.CreateOrganizationTest"/>
        <method signature="CreateContactTest.createConatctWithOrgTest()[pri:0, instance:com.crm.comcast.conatctTest.CreateContactTest@69997e9d]" name="createConatctWithOrgTest" class="com.crm.comcast.conatctTest.CreateContactTest"/>
        <method signature="CreateContactTest.createContact_Support_DateTest()[pri:0, instance:com.crm.comcast.conatctTest.CreateContactTest@69997e9d]" name="createContact_Support_DateTest" class="com.crm.comcast.conatctTest.CreateContactTest"/>
        <method signature="CreateOrganizationTest.createOrganization_With_Industries_And_Type_Test()[pri:0, instance:com.crm.comcast.organaizationtest.CreateOrganizationTest@446293d]" name="createOrganization_With_Industries_And_Type_Test" class="com.crm.comcast.organaizationtest.CreateOrganizationTest"/>
      </group> <!-- regressionTest -->
      <group name="smokeTest">
        <method signature="CreateContactTest.createContactWithLastNameTest()[pri:0, instance:com.crm.comcast.conatctTest.CreateContactTest@be35cd9]" name="createContactWithLastNameTest" class="com.crm.comcast.conatctTest.CreateContactTest"/>
        <method signature="CreateOrganizationTest.createOrganizationTest()[pri:0, instance:com.crm.comcast.organaizationtest.CreateOrganizationTest@41e1e210]" name="createOrganizationTest" class="com.crm.comcast.organaizationtest.CreateOrganizationTest"/>
        <method signature="CreateContactTest.createContactWithLastNameTest()[pri:0, instance:com.crm.comcast.conatctTest.CreateContactTest@69997e9d]" name="createContactWithLastNameTest" class="com.crm.comcast.conatctTest.CreateContactTest"/>
        <method signature="CreateOrganizationTest.createOrganizationTest()[pri:0, instance:com.crm.comcast.organaizationtest.CreateOrganizationTest@446293d]" name="createOrganizationTest" class="com.crm.comcast.organaizationtest.CreateOrganizationTest"/>
      </group> <!-- smokeTest -->
    </groups>
    <test started-at="2021-12-04T14:37:46 IST" name="Test-Runner-1-Chrome" finished-at="2021-12-04T14:39:49 IST" duration-ms="123702">
      <class name="com.crm.comcast.conatctTest.CreateContactTest">
        <test-method is-config="true" signature="config_BC(java.lang.String)[pri:0, instance:com.crm.comcast.conatctTest.CreateContactTest@be35cd9]" started-at="2021-12-04T14:38:33 IST" name="config_BC" finished-at="2021-12-04T14:38:35 IST" duration-ms="1632" status="PASS">
          <params>
            <param index="0">
              <value>
                <![CDATA[chrome]]>
              </value>
            </param>
          </params>
          <reporter-output>
          </reporter-output>
        </test-method> <!-- config_BC -->
        <test-method is-config="true" signature="config_BM()[pri:0, instance:com.crm.comcast.conatctTest.CreateContactTest@be35cd9]" started-at="2021-12-04T14:38:35 IST" name="config_BM" finished-at="2021-12-04T14:38:41 IST" duration-ms="6405" status="PASS">
          <reporter-output>
          </reporter-output>
        </test-method> <!-- config_BM -->
        <test-method signature="createConatctWithOrgTest()[pri:0, instance:com.crm.comcast.conatctTest.CreateContactTest@be35cd9]" started-at="2021-12-04T14:38:41 IST" name="createConatctWithOrgTest" finished-at="2021-12-04T14:39:09 IST" duration-ms="27509" status="PASS">
          <reporter-output>
          </reporter-output>
        </test-method> <!-- createConatctWithOrgTest -->
        <test-method is-config="true" signature="config_AM()[pri:0, instance:com.crm.comcast.conatctTest.CreateContactTest@be35cd9]" started-at="2021-12-04T14:39:09 IST" name="config_AM" finished-at="2021-12-04T14:39:10 IST" duration-ms="1722" status="PASS">
          <reporter-output>
          </reporter-output>
        </test-method> <!-- config_AM -->
        <test-method is-config="true" signature="config_BM()[pri:0, instance:com.crm.comcast.conatctTest.CreateContactTest@be35cd9]" started-at="2021-12-04T14:39:10 IST" name="config_BM" finished-at="2021-12-04T14:39:14 IST" duration-ms="3745" status="PASS">
          <reporter-output>
          </reporter-output>
        </test-method> <!-- config_BM -->
        <test-method signature="createContactWithLastNameTest()[pri:0, instance:com.crm.comcast.conatctTest.CreateContactTest@be35cd9]" started-at="2021-12-04T14:39:14 IST" name="createContactWithLastNameTest" finished-at="2021-12-04T14:39:28 IST" duration-ms="13611" status="PASS">
          <reporter-output>
          </reporter-output>
        </test-method> <!-- createContactWithLastNameTest -->
        <test-method is-config="true" signature="config_AM()[pri:0, instance:com.crm.comcast.conatctTest.CreateContactTest@be35cd9]" started-at="2021-12-04T14:39:28 IST" name="config_AM" finished-at="2021-12-04T14:39:29 IST" duration-ms="1578" status="PASS">
          <reporter-output>
          </reporter-output>
        </test-method> <!-- config_AM -->
        <test-method is-config="true" signature="config_BM()[pri:0, instance:com.crm.comcast.conatctTest.CreateContactTest@be35cd9]" started-at="2021-12-04T14:39:29 IST" name="config_BM" finished-at="2021-12-04T14:39:33 IST" duration-ms="3366" status="PASS">
          <reporter-output>
          </reporter-output>
        </test-method> <!-- config_BM -->
        <test-method signature="createContact_Support_DateTest()[pri:0, instance:com.crm.comcast.conatctTest.CreateContactTest@be35cd9]" started-at="2021-12-04T14:39:33 IST" name="createContact_Support_DateTest" finished-at="2021-12-04T14:39:46 IST" duration-ms="13729" status="PASS">
          <reporter-output>
          </reporter-output>
        </test-method> <!-- createContact_Support_DateTest -->
        <test-method is-config="true" signature="config_AM()[pri:0, instance:com.crm.comcast.conatctTest.CreateContactTest@be35cd9]" started-at="2021-12-04T14:39:46 IST" name="config_AM" finished-at="2021-12-04T14:39:48 IST" duration-ms="1718" status="PASS">
          <reporter-output>
          </reporter-output>
        </test-method> <!-- config_AM -->
        <test-method is-config="true" signature="config_AC()[pri:0, instance:com.crm.comcast.conatctTest.CreateContactTest@be35cd9]" started-at="2021-12-04T14:39:48 IST" name="config_AC" finished-at="2021-12-04T14:39:49 IST" duration-ms="1374" status="PASS">
          <reporter-output>
          </reporter-output>
        </test-method> <!-- config_AC -->
      </class> <!-- com.crm.comcast.conatctTest.CreateContactTest -->
      <class name="com.crm.comcast.organaizationtest.CreateOrganizationTest">
        <test-method is-config="true" signature="config_BC(java.lang.String)[pri:0, instance:com.crm.comcast.organaizationtest.CreateOrganizationTest@41e1e210]" started-at="2021-12-04T14:37:46 IST" name="config_BC" finished-at="2021-12-04T14:37:49 IST" duration-ms="2721" status="PASS">
          <params>
            <param index="0">
              <value>
                <![CDATA[chrome]]>
              </value>
            </param>
          </params>
          <reporter-output>
          </reporter-output>
        </test-method> <!-- config_BC -->
        <test-method is-config="true" signature="config_BM()[pri:0, instance:com.crm.comcast.organaizationtest.CreateOrganizationTest@41e1e210]" started-at="2021-12-04T14:37:49 IST" name="config_BM" finished-at="2021-12-04T14:37:55 IST" duration-ms="6298" status="PASS">
          <reporter-output>
          </reporter-output>
        </test-method> <!-- config_BM -->
        <test-method signature="createOrganizationTest()[pri:0, instance:com.crm.comcast.organaizationtest.CreateOrganizationTest@41e1e210]" started-at="2021-12-04T14:37:55 IST" name="createOrganizationTest" finished-at="2021-12-04T14:38:10 IST" duration-ms="15582" status="PASS">
          <reporter-output>
          </reporter-output>
        </test-method> <!-- createOrganizationTest -->
        <test-method is-config="true" signature="config_AM()[pri:0, instance:com.crm.comcast.organaizationtest.CreateOrganizationTest@41e1e210]" started-at="2021-12-04T14:38:10 IST" name="config_AM" finished-at="2021-12-04T14:38:12 IST" duration-ms="1671" status="PASS">
          <reporter-output>
          </reporter-output>
        </test-method> <!-- config_AM -->
        <test-method is-config="true" signature="config_BM()[pri:0, instance:com.crm.comcast.organaizationtest.CreateOrganizationTest@41e1e210]" started-at="2021-12-04T14:38:12 IST" name="config_BM" finished-at="2021-12-04T14:38:16 IST" duration-ms="3688" status="PASS">
          <reporter-output>
          </reporter-output>
        </test-method> <!-- config_BM -->
        <test-method signature="createOrganization_With_Industries_And_Type_Test()[pri:0, instance:com.crm.comcast.organaizationtest.CreateOrganizationTest@41e1e210]" started-at="2021-12-04T14:38:16 IST" name="createOrganization_With_Industries_And_Type_Test" finished-at="2021-12-04T14:38:31 IST" duration-ms="14809" status="PASS">
          <reporter-output>
          </reporter-output>
        </test-method> <!-- createOrganization_With_Industries_And_Type_Test -->
        <test-method is-config="true" signature="config_AM()[pri:0, instance:com.crm.comcast.organaizationtest.CreateOrganizationTest@41e1e210]" started-at="2021-12-04T14:38:31 IST" name="config_AM" finished-at="2021-12-04T14:38:32 IST" duration-ms="1567" status="PASS">
          <reporter-output>
          </reporter-output>
        </test-method> <!-- config_AM -->
        <test-method is-config="true" signature="config_AC()[pri:0, instance:com.crm.comcast.organaizationtest.CreateOrganizationTest@41e1e210]" started-at="2021-12-04T14:38:32 IST" name="config_AC" finished-at="2021-12-04T14:38:33 IST" duration-ms="922" status="PASS">
          <reporter-output>
          </reporter-output>
        </test-method> <!-- config_AC -->
      </class> <!-- com.crm.comcast.organaizationtest.CreateOrganizationTest -->
    </test> <!-- Test-Runner-1-Chrome -->
    <test started-at="2021-12-04T14:37:46 IST" name="Test-Runner-2-Firefox" finished-at="2021-12-04T14:39:50 IST" duration-ms="123826">
      <class name="com.crm.comcast.conatctTest.CreateContactTest">
        <test-method is-config="true" signature="config_BC(java.lang.String)[pri:0, instance:com.crm.comcast.conatctTest.CreateContactTest@69997e9d]" started-at="2021-12-04T14:38:32 IST" name="config_BC" finished-at="2021-12-04T14:38:38 IST" duration-ms="6192" status="PASS">
          <params>
            <param index="0">
              <value>
                <![CDATA[firefox]]>
              </value>
            </param>
          </params>
          <reporter-output>
          </reporter-output>
        </test-method> <!-- config_BC -->
        <test-method is-config="true" signature="config_BM()[pri:0, instance:com.crm.comcast.conatctTest.CreateContactTest@69997e9d]" started-at="2021-12-04T14:38:38 IST" name="config_BM" finished-at="2021-12-04T14:38:44 IST" duration-ms="5888" status="PASS">
          <reporter-output>
          </reporter-output>
        </test-method> <!-- config_BM -->
        <test-method signature="createConatctWithOrgTest()[pri:0, instance:com.crm.comcast.conatctTest.CreateContactTest@69997e9d]" started-at="2021-12-04T14:38:44 IST" name="createConatctWithOrgTest" finished-at="2021-12-04T14:39:10 IST" duration-ms="25592" status="PASS">
          <reporter-output>
          </reporter-output>
        </test-method> <!-- createConatctWithOrgTest -->
        <test-method is-config="true" signature="config_AM()[pri:0, instance:com.crm.comcast.conatctTest.CreateContactTest@69997e9d]" started-at="2021-12-04T14:39:10 IST" name="config_AM" finished-at="2021-12-04T14:39:12 IST" duration-ms="1728" status="PASS">
          <reporter-output>
          </reporter-output>
        </test-method> <!-- config_AM -->
        <test-method is-config="true" signature="config_BM()[pri:0, instance:com.crm.comcast.conatctTest.CreateContactTest@69997e9d]" started-at="2021-12-04T14:39:12 IST" name="config_BM" finished-at="2021-12-04T14:39:17 IST" duration-ms="4850" status="PASS">
          <reporter-output>
          </reporter-output>
        </test-method> <!-- config_BM -->
        <test-method signature="createContactWithLastNameTest()[pri:0, instance:com.crm.comcast.conatctTest.CreateContactTest@69997e9d]" started-at="2021-12-04T14:39:17 IST" name="createContactWithLastNameTest" finished-at="2021-12-04T14:39:29 IST" duration-ms="12248" status="PASS">
          <reporter-output>
          </reporter-output>
        </test-method> <!-- createContactWithLastNameTest -->
        <test-method is-config="true" signature="config_AM()[pri:0, instance:com.crm.comcast.conatctTest.CreateContactTest@69997e9d]" started-at="2021-12-04T14:39:29 IST" name="config_AM" finished-at="2021-12-04T14:39:30 IST" duration-ms="1523" status="PASS">
          <reporter-output>
          </reporter-output>
        </test-method> <!-- config_AM -->
        <test-method is-config="true" signature="config_BM()[pri:0, instance:com.crm.comcast.conatctTest.CreateContactTest@69997e9d]" started-at="2021-12-04T14:39:30 IST" name="config_BM" finished-at="2021-12-04T14:39:34 IST" duration-ms="4041" status="PASS">
          <reporter-output>
          </reporter-output>
        </test-method> <!-- config_BM -->
        <test-method signature="createContact_Support_DateTest()[pri:0, instance:com.crm.comcast.conatctTest.CreateContactTest@69997e9d]" started-at="2021-12-04T14:39:34 IST" name="createContact_Support_DateTest" finished-at="2021-12-04T14:39:47 IST" duration-ms="12450" status="PASS">
          <reporter-output>
          </reporter-output>
        </test-method> <!-- createContact_Support_DateTest -->
        <test-method is-config="true" signature="config_AM()[pri:0, instance:com.crm.comcast.conatctTest.CreateContactTest@69997e9d]" started-at="2021-12-04T14:39:47 IST" name="config_AM" finished-at="2021-12-04T14:39:48 IST" duration-ms="1616" status="PASS">
          <reporter-output>
          </reporter-output>
        </test-method> <!-- config_AM -->
        <test-method is-config="true" signature="config_AC()[pri:0, instance:com.crm.comcast.conatctTest.CreateContactTest@69997e9d]" started-at="2021-12-04T14:39:48 IST" name="config_AC" finished-at="2021-12-04T14:39:50 IST" duration-ms="1154" status="PASS">
          <reporter-output>
          </reporter-output>
        </test-method> <!-- config_AC -->
      </class> <!-- com.crm.comcast.conatctTest.CreateContactTest -->
      <class name="com.crm.comcast.organaizationtest.CreateOrganizationTest">
        <test-method is-config="true" signature="config_BS()[pri:0, instance:com.crm.comcast.organaizationtest.CreateOrganizationTest@446293d]" started-at="2021-12-04T14:37:45 IST" name="config_BS" finished-at="2021-12-04T14:37:46 IST" duration-ms="385" status="PASS">
          <reporter-output>
          </reporter-output>
        </test-method> <!-- config_BS -->
        <test-method is-config="true" signature="config_BC(java.lang.String)[pri:0, instance:com.crm.comcast.organaizationtest.CreateOrganizationTest@446293d]" started-at="2021-12-04T14:37:46 IST" name="config_BC" finished-at="2021-12-04T14:37:53 IST" duration-ms="7222" status="PASS">
          <params>
            <param index="0">
              <value>
                <![CDATA[firefox]]>
              </value>
            </param>
          </params>
          <reporter-output>
          </reporter-output>
        </test-method> <!-- config_BC -->
        <test-method is-config="true" signature="config_BM()[pri:0, instance:com.crm.comcast.organaizationtest.CreateOrganizationTest@446293d]" started-at="2021-12-04T14:37:53 IST" name="config_BM" finished-at="2021-12-04T14:37:59 IST" duration-ms="6023" status="PASS">
          <reporter-output>
          </reporter-output>
        </test-method> <!-- config_BM -->
        <test-method signature="createOrganizationTest()[pri:0, instance:com.crm.comcast.organaizationtest.CreateOrganizationTest@446293d]" started-at="2021-12-04T14:37:59 IST" name="createOrganizationTest" finished-at="2021-12-04T14:38:13 IST" duration-ms="13589" status="PASS">
          <reporter-output>
          </reporter-output>
        </test-method> <!-- createOrganizationTest -->
        <test-method is-config="true" signature="config_AM()[pri:0, instance:com.crm.comcast.organaizationtest.CreateOrganizationTest@446293d]" started-at="2021-12-04T14:38:13 IST" name="config_AM" finished-at="2021-12-04T14:38:14 IST" duration-ms="1496" status="PASS">
          <reporter-output>
          </reporter-output>
        </test-method> <!-- config_AM -->
        <test-method is-config="true" signature="config_BM()[pri:0, instance:com.crm.comcast.organaizationtest.CreateOrganizationTest@446293d]" started-at="2021-12-04T14:38:14 IST" name="config_BM" finished-at="2021-12-04T14:38:19 IST" duration-ms="4480" status="PASS">
          <reporter-output>
          </reporter-output>
        </test-method> <!-- config_BM -->
        <test-method signature="createOrganization_With_Industries_And_Type_Test()[pri:0, instance:com.crm.comcast.organaizationtest.CreateOrganizationTest@446293d]" started-at="2021-12-04T14:38:19 IST" name="createOrganization_With_Industries_And_Type_Test" finished-at="2021-12-04T14:38:32 IST" duration-ms="13379" status="PASS">
          <reporter-output>
          </reporter-output>
        </test-method> <!-- createOrganization_With_Industries_And_Type_Test -->
        <test-method is-config="true" signature="config_AM()[pri:0, instance:com.crm.comcast.organaizationtest.CreateOrganizationTest@446293d]" started-at="2021-12-04T14:38:32 IST" name="config_AM" finished-at="2021-12-04T14:38:32 IST" duration-ms="266" status="FAIL">
          <exception class="org.openqa.selenium.ElementNotInteractableException">
            <message>
              <![CDATA[Element <a class="drop_down_usersettings" href="index.php?module=Users&action=Logout"> could not be scrolled into view
Build info: version: '3.141.59', revision: 'e82be7d358', time: '2018-11-14T08:17:03'
System info: host: 'DESKTOP-8S455D7', ip: '172.16.16.96', os.name: 'Windows 10', os.arch: 'amd64', os.version: '10.0', java.version: '15.0.2'
Driver info: org.openqa.selenium.firefox.FirefoxDriver
Capabilities {acceptInsecureCerts: true, browserName: firefox, browserVersion: 94.0.2, javascriptEnabled: true, moz:accessibilityChecks: false, moz:buildID: 20211119140621, moz:geckodriverVersion: 0.29.1, moz:headless: false, moz:processID: 7556, moz:profile: C:\Users\Deepak\AppData\Loc..., moz:shutdownTimeout: 60000, moz:useNonSpecCompliantPointerOrigin: false, moz:webdriverClick: true, pageLoadStrategy: normal, platform: WINDOWS, platformName: WINDOWS, platformVersion: 10.0, proxy: Proxy(), setWindowRect: true, strictFileInteractability: false, timeouts: {implicit: 0, pageLoad: 300000, script: 30000}, unhandledPromptBehavior: dismiss and notify}
Session ID: ada06623-d921-4076-9dda-57cea459f81c]]>
            </message>
            <full-stacktrace>
              <![CDATA[org.openqa.selenium.ElementNotInteractableException: Element <a class="drop_down_usersettings" href="index.php?module=Users&action=Logout"> could not be scrolled into view
Build info: version: '3.141.59', revision: 'e82be7d358', time: '2018-11-14T08:17:03'
System info: host: 'DESKTOP-8S455D7', ip: '172.16.16.96', os.name: 'Windows 10', os.arch: 'amd64', os.version: '10.0', java.version: '15.0.2'
Driver info: org.openqa.selenium.firefox.FirefoxDriver
Capabilities {acceptInsecureCerts: true, browserName: firefox, browserVersion: 94.0.2, javascriptEnabled: true, moz:accessibilityChecks: false, moz:buildID: 20211119140621, moz:geckodriverVersion: 0.29.1, moz:headless: false, moz:processID: 7556, moz:profile: C:\Users\Deepak\AppData\Loc..., moz:shutdownTimeout: 60000, moz:useNonSpecCompliantPointerOrigin: false, moz:webdriverClick: true, pageLoadStrategy: normal, platform: WINDOWS, platformName: WINDOWS, platformVersion: 10.0, proxy: Proxy(), setWindowRect: true, strictFileInteractability: false, timeouts: {implicit: 0, pageLoad: 300000, script: 30000}, unhandledPromptBehavior: dismiss and notify}
Session ID: ada06623-d921-4076-9dda-57cea459f81c
at java.base/jdk.internal.reflect.NativeConstructorAccessorImpl.newInstance0(Native Method)
at java.base/jdk.internal.reflect.NativeConstructorAccessorImpl.newInstance(NativeConstructorAccessorImpl.java:64)
at java.base/jdk.internal.reflect.DelegatingConstructorAccessorImpl.newInstance(DelegatingConstructorAccessorImpl.java:45)
at java.base/java.lang.reflect.Constructor.newInstanceWithCaller(Constructor.java:500)
at java.base/java.lang.reflect.Constructor.newInstance(Constructor.java:481)
at org.openqa.selenium.remote.http.W3CHttpResponseCodec.createException(W3CHttpResponseCodec.java:187)
at org.openqa.selenium.remote.http.W3CHttpResponseCodec.decode(W3CHttpResponseCodec.java:122)
at org.openqa.selenium.remote.http.W3CHttpResponseCodec.decode(W3CHttpResponseCodec.java:49)
at org.openqa.selenium.remote.HttpCommandExecutor.execute(HttpCommandExecutor.java:158)
at org.openqa.selenium.remote.service.DriverCommandExecutor.execute(DriverCommandExecutor.java:83)
at org.openqa.selenium.remote.RemoteWebDriver.execute(RemoteWebDriver.java:552)
at org.openqa.selenium.remote.RemoteWebElement.execute(RemoteWebElement.java:285)
at org.openqa.selenium.remote.RemoteWebElement.click(RemoteWebElement.java:84)
at jdk.internal.reflect.GeneratedMethodAccessor1.invoke(Unknown Source)
at java.base/jdk.internal.reflect.DelegatingMethodAccessorImpl.invoke(DelegatingMethodAccessorImpl.java:43)
at java.base/java.lang.reflect.Method.invoke(Method.java:564)
at org.openqa.selenium.support.pagefactory.internal.LocatingElementHandler.invoke(LocatingElementHandler.java:51)
at com.sun.proxy.$Proxy17.click(Unknown Source)
at com.crm.comcast.objectrepositoryUtility.HomePage.signOut(HomePage.java:50)
at com.crm.comcast.genericutility.BaseAnnotationClass.config_AM(BaseAnnotationClass.java:75)
at java.base/jdk.internal.reflect.NativeMethodAccessorImpl.invoke0(Native Method)
at java.base/jdk.internal.reflect.NativeMethodAccessorImpl.invoke(NativeMethodAccessorImpl.java:64)
at java.base/jdk.internal.reflect.DelegatingMethodAccessorImpl.invoke(DelegatingMethodAccessorImpl.java:43)
at java.base/java.lang.reflect.Method.invoke(Method.java:564)
at org.testng.internal.MethodInvocationHelper.invokeMethod(MethodInvocationHelper.java:132)
at org.testng.internal.MethodInvocationHelper.invokeMethodConsideringTimeout(MethodInvocationHelper.java:61)
at org.testng.internal.ConfigInvoker.invokeConfigurationMethod(ConfigInvoker.java:366)
at org.testng.internal.ConfigInvoker.invokeConfigurations(ConfigInvoker.java:320)
at org.testng.internal.TestInvoker.runConfigMethods(TestInvoker.java:701)
at org.testng.internal.TestInvoker.runAfterGroupsConfigurations(TestInvoker.java:677)
at org.testng.internal.TestInvoker.invokeMethod(TestInvoker.java:661)
at org.testng.internal.TestInvoker.invokeTestMethod(TestInvoker.java:174)
at org.testng.internal.MethodRunner.runInSequence(MethodRunner.java:46)
at org.testng.internal.TestInvoker$MethodInvocationAgent.invoke(TestInvoker.java:822)
at org.testng.internal.TestInvoker.invokeTestMethods(TestInvoker.java:147)
at org.testng.internal.TestMethodWorker.invokeTestMethods(TestMethodWorker.java:146)
at org.testng.internal.TestMethodWorker.run(TestMethodWorker.java:128)
at java.base/java.util.ArrayList.forEach(ArrayList.java:1511)
at org.testng.TestRunner.privateRun(TestRunner.java:764)
at org.testng.TestRunner.run(TestRunner.java:585)
at org.testng.SuiteRunner.runTest(SuiteRunner.java:384)
at org.testng.SuiteRunner.access$000(SuiteRunner.java:28)
at org.testng.SuiteRunner$SuiteWorker.run(SuiteRunner.java:425)
at org.testng.internal.thread.ThreadUtil.lambda$execute$0(ThreadUtil.java:66)
at java.base/java.util.concurrent.FutureTask.run(FutureTask.java:264)
at java.base/java.util.concurrent.ThreadPoolExecutor.runWorker(ThreadPoolExecutor.java:1130)
at java.base/java.util.concurrent.ThreadPoolExecutor$Worker.run(ThreadPoolExecutor.java:630)
at java.base/java.lang.Thread.run(Thread.java:832)
]]>
            </full-stacktrace>
          </exception> <!-- org.openqa.selenium.ElementNotInteractableException -->
          <reporter-output>
          </reporter-output>
        </test-method> <!-- config_AM -->
        <test-method is-config="true" signature="config_AC()[pri:0, instance:com.crm.comcast.organaizationtest.CreateOrganizationTest@446293d]" started-at="2021-12-04T14:38:32 IST" name="config_AC" finished-at="1970-01-01T05:30:00 IST" duration-ms="-1638608912787" status="SKIP">
          <reporter-output>
          </reporter-output>
        </test-method> <!-- config_AC -->
        <test-method is-config="true" signature="config_AS()[pri:0, instance:com.crm.comcast.organaizationtest.CreateOrganizationTest@446293d]" started-at="2021-12-04T14:39:50 IST" name="config_AS" finished-at="2021-12-04T14:39:50 IST" duration-ms="10" status="PASS">
          <reporter-output>
          </reporter-output>
        </test-method> <!-- config_AS -->
      </class> <!-- com.crm.comcast.organaizationtest.CreateOrganizationTest -->
    </test> <!-- Test-Runner-2-Firefox -->
  </suite> <!-- Suite -->
</testng-results>
