<?xml version="1.0" encoding="UTF-8"?>
<testng-results ignored="0" total="5" passed="5" failed="0" skipped="0">
  <reporter-output>
  </reporter-output>
  <suite started-at="2021-12-03T13:13:09 IST" name="Default suite" finished-at="2021-12-03T13:13:09 IST" duration-ms="78">
    <groups>
    </groups>
    <test started-at="2021-12-03T13:13:09 IST" name="Default test" finished-at="2021-12-03T13:13:09 IST" duration-ms="78">
      <class name="pactestng_sample.AddToCartAndBill">
        <test-method signature="addToCartAndBillTest(java.lang.String, int)[pri:0, instance:pactestng_sample.AddToCartAndBill@68c72235]" started-at="2021-12-03T13:13:09 IST" name="addToCartAndBillTest" data-provider="dp_addToCartAndBill" finished-at="2021-12-03T13:13:09 IST" duration-ms="8" status="PASS">
          <params>
            <param index="0">
              <value>
                <![CDATA[iphone-10]]>
              </value>
            </param>
            <param index="1">
              <value>
                <![CDATA[10]]>
              </value>
            </param>
          </params>
          <reporter-output>
          </reporter-output>
        </test-method> <!-- addToCartAndBillTest -->
        <test-method signature="addToCartAndBillTest(java.lang.String, int)[pri:0, instance:pactestng_sample.AddToCartAndBill@68c72235]" started-at="2021-12-03T13:13:09 IST" name="addToCartAndBillTest" data-provider="dp_addToCartAndBill" finished-at="2021-12-03T13:13:09 IST" duration-ms="3" status="PASS">
          <params>
            <param index="0">
              <value>
                <![CDATA[nokia]]>
              </value>
            </param>
            <param index="1">
              <value>
                <![CDATA[10]]>
              </value>
            </param>
          </params>
          <reporter-output>
          </reporter-output>
        </test-method> <!-- addToCartAndBillTest -->
        <test-method signature="addToCartAndBillTest(java.lang.String, int)[pri:0, instance:pactestng_sample.AddToCartAndBill@68c72235]" started-at="2021-12-03T13:13:09 IST" name="addToCartAndBillTest" data-provider="dp_addToCartAndBill" finished-at="2021-12-03T13:13:09 IST" duration-ms="4" status="PASS">
          <params>
            <param index="0">
              <value>
                <![CDATA[fasttrack]]>
              </value>
            </param>
            <param index="1">
              <value>
                <![CDATA[10]]>
              </value>
            </param>
          </params>
          <reporter-output>
          </reporter-output>
        </test-method> <!-- addToCartAndBillTest -->
        <test-method signature="addToCartAndBillTest(java.lang.String, int)[pri:0, instance:pactestng_sample.AddToCartAndBill@68c72235]" started-at="2021-12-03T13:13:09 IST" name="addToCartAndBillTest" data-provider="dp_addToCartAndBill" finished-at="2021-12-03T13:13:09 IST" duration-ms="2" status="PASS">
          <params>
            <param index="0">
              <value>
                <![CDATA[books]]>
              </value>
            </param>
            <param index="1">
              <value>
                <![CDATA[10]]>
              </value>
            </param>
          </params>
          <reporter-output>
          </reporter-output>
        </test-method> <!-- addToCartAndBillTest -->
        <test-method signature="addToCartAndBillTest(java.lang.String, int)[pri:0, instance:pactestng_sample.AddToCartAndBill@68c72235]" started-at="2021-12-03T13:13:09 IST" name="addToCartAndBillTest" data-provider="dp_addToCartAndBill" finished-at="2021-12-03T13:13:09 IST" duration-ms="7" status="PASS">
          <params>
            <param index="0">
              <value>
                <![CDATA[iwatch]]>
              </value>
            </param>
            <param index="1">
              <value>
                <![CDATA[20]]>
              </value>
            </param>
          </params>
          <reporter-output>
          </reporter-output>
        </test-method> <!-- addToCartAndBillTest -->
      </class> <!-- pactestng_sample.AddToCartAndBill -->
    </test> <!-- Default test -->
  </suite> <!-- Default suite -->
</testng-results>
