<?xml version="1.0" encoding="UTF-8"?>
<!-- Generated by org.testng.reporters.JUnitXMLReporter -->
<testsuite ignored="5" hostname="DESKTOP-8S455D7" failures="0" tests="2" name="Test" time="48.37" errors="0" timestamp="2021-12-04T13:03:24 IST">
  <testcase classname="com.crm.comcast.conatctTest.CreateContactTest" name="createConatctWithOrgTest" time="18.012"/>
  <testcase classname="com.crm.comcast.organaizationtest.CreateOrganizationTest" name="createOrganizationTest" time="9.33"/>
  <testcase classname="com.crm.comcast.conatctTest.CreateContactTest" name="createContact_Support_DateTest" time="0.0">
    <ignored/>
  </testcase> <!-- createContact_Support_DateTest -->
  <testcase classname="com.crm.comcast.genericutility.BaseAnnotationClass" name="@AfterSuite config_AS" time="0.0">
    <ignored/>
  </testcase> <!-- @AfterSuite config_AS -->
  <testcase classname="com.crm.comcast.conatctTest.CreateContactTest" name="createContactWithLastNameTest" time="0.0">
    <ignored/>
  </testcase> <!-- createContactWithLastNameTest -->
  <testcase classname="com.crm.comcast.genericutility.BaseAnnotationClass" name="@BeforeSuite config_BS" time="0.0">
    <ignored/>
  </testcase> <!-- @BeforeSuite config_BS -->
  <testcase classname="com.crm.comcast.organaizationtest.CreateOrganizationTest" name="createOrganization_With_Industries_And_Type_Test" time="0.0">
    <ignored/>
  </testcase> <!-- createOrganization_With_Industries_And_Type_Test -->
</testsuite> <!-- Test -->
